<?xml version="1.0" encoding="UTF-8"?>
<testsuite name="com.mindex.challenge.service.impl.DirectReportsServiceImplTest" tests="1" skipped="0" failures="0" errors="0" timestamp="2022-06-29T12:25:11" hostname="jimburke-2.local" time="0.006">
  <properties/>
  <testcase name="testReportCount" classname="com.mindex.challenge.service.impl.DirectReportsServiceImplTest" time="0.006"/>
  <system-out><![CDATA[2022-06-29 08:25:11.244  INFO 86742 --- [    Test worker] .b.t.c.SpringBootTestContextBootstrapper : Neither @ContextConfiguration nor @ContextHierarchy found for test class [com.mindex.challenge.service.impl.DirectReportsServiceImplTest], using SpringBootContextLoader
2022-06-29 08:25:11.244  INFO 86742 --- [    Test worker] o.s.t.c.support.AbstractContextLoader    : Could not detect default resource locations for test class [com.mindex.challenge.service.impl.DirectReportsServiceImplTest]: no resource found for suffixes {-context.xml, Context.groovy}.
2022-06-29 08:25:11.244  INFO 86742 --- [    Test worker] t.c.s.AnnotationConfigContextLoaderUtils : Could not detect default configuration classes for test class [com.mindex.challenge.service.impl.DirectReportsServiceImplTest]: DirectReportsServiceImplTest does not declare any static, non-private, non-final, nested classes annotated with @Configuration.
2022-06-29 08:25:11.247  INFO 86742 --- [    Test worker] .b.t.c.SpringBootTestContextBootstrapper : Found @SpringBootConfiguration com.mindex.challenge.ChallengeApplication for test class com.mindex.challenge.service.impl.DirectReportsServiceImplTest
2022-06-29 08:25:11.247  INFO 86742 --- [    Test worker] .b.t.c.SpringBootTestContextBootstrapper : Loaded default TestExecutionListener class names from location [META-INF/spring.factories]: [org.springframework.boot.test.autoconfigure.restdocs.RestDocsTestExecutionListener, org.springframework.boot.test.autoconfigure.web.client.MockRestServiceServerResetTestExecutionListener, org.springframework.boot.test.autoconfigure.web.servlet.MockMvcPrintOnlyOnFailureTestExecutionListener, org.springframework.boot.test.autoconfigure.web.servlet.WebDriverTestExecutionListener, org.springframework.boot.test.mock.mockito.MockitoTestExecutionListener, org.springframework.boot.test.mock.mockito.ResetMocksTestExecutionListener, org.springframework.test.context.web.ServletTestExecutionListener, org.springframework.test.context.support.DirtiesContextBeforeModesTestExecutionListener, org.springframework.test.context.support.DependencyInjectionTestExecutionListener, org.springframework.test.context.support.DirtiesContextTestExecutionListener, org.springframework.test.context.transaction.TransactionalTestExecutionListener, org.springframework.test.context.jdbc.SqlScriptsTestExecutionListener, org.springframework.test.context.event.EventPublishingTestExecutionListener]
2022-06-29 08:25:11.248  INFO 86742 --- [    Test worker] .b.t.c.SpringBootTestContextBootstrapper : Using TestExecutionListeners: [org.springframework.test.context.web.ServletTestExecutionListener@78bad03b, org.springframework.test.context.support.DirtiesContextBeforeModesTestExecutionListener@26101efc, org.springframework.boot.test.mock.mockito.MockitoTestExecutionListener@4e2109fe, org.springframework.boot.test.autoconfigure.SpringBootDependencyInjectionTestExecutionListener@18dac12f, org.springframework.test.context.support.DirtiesContextTestExecutionListener@36cfe107, org.springframework.test.context.transaction.TransactionalTestExecutionListener@100eeedc, org.springframework.test.context.jdbc.SqlScriptsTestExecutionListener@56266bda, org.springframework.test.context.event.EventPublishingTestExecutionListener@18bb1b88, org.springframework.boot.test.autoconfigure.restdocs.RestDocsTestExecutionListener@51b51641, org.springframework.boot.test.autoconfigure.web.client.MockRestServiceServerResetTestExecutionListener@362a6aa5, org.springframework.boot.test.autoconfigure.web.servlet.MockMvcPrintOnlyOnFailureTestExecutionListener@53b7bf01, org.springframework.boot.test.autoconfigure.web.servlet.WebDriverTestExecutionListener@139089a4, org.springframework.boot.test.mock.mockito.ResetMocksTestExecutionListener@6a6e9289]

  .   ____          _            __ _ _
 /\\ / ___'_ __ _ _(_)_ __  __ _ \ \ \ \
( ( )\___ | '_ | '_| | '_ \/ _` | \ \ \ \
 \\/  ___)| |_)| | | | | || (_| |  ) ) ) )
  '  |____| .__|_| |_|_| |_\__, | / / / /
 =========|_|==============|___/=/_/_/_/
 :: Spring Boot ::        (v2.2.0.RELEASE)

2022-06-29 08:25:11.256  INFO 86742 --- [    Test worker] c.m.c.s.i.DirectReportsServiceImplTest   : Starting DirectReportsServiceImplTest on jimburke-2.local with PID 86742 (started by jimburke in /Users/jimburke/eclipse-workspace/Hello)
2022-06-29 08:25:11.257 DEBUG 86742 --- [    Test worker] c.m.c.s.i.DirectReportsServiceImplTest   : Running with Spring Boot v2.2.0.RELEASE, Spring v5.2.0.RELEASE
2022-06-29 08:25:11.257  INFO 86742 --- [    Test worker] c.m.c.s.i.DirectReportsServiceImplTest   : No active profile set, falling back to default profiles: default
2022-06-29 08:25:11.291  INFO 86742 --- [    Test worker] .s.d.r.c.RepositoryConfigurationDelegate : Bootstrapping Spring Data repositories in DEFAULT mode.
2022-06-29 08:25:11.293  INFO 86742 --- [    Test worker] .s.d.r.c.RepositoryConfigurationDelegate : Finished Spring Data repository scanning in 1ms. Found 1 repository interfaces.
2022-06-29 08:25:11.380  INFO 86742 --- [    Test worker] o.s.b.w.embedded.tomcat.TomcatWebServer  : Tomcat initialized with port(s): 0 (http)
2022-06-29 08:25:11.385  INFO 86742 --- [    Test worker] o.apache.catalina.core.StandardService   : Starting service [Tomcat]
2022-06-29 08:25:11.385  INFO 86742 --- [    Test worker] org.apache.catalina.core.StandardEngine  : Starting Servlet engine: [Apache Tomcat/9.0.27]
2022-06-29 08:25:11.429  INFO 86742 --- [    Test worker] o.a.c.c.C.[Tomcat].[localhost].[/]       : Initializing Spring embedded WebApplicationContext
2022-06-29 08:25:11.429  INFO 86742 --- [    Test worker] o.s.web.context.ContextLoader            : Root WebApplicationContext: initialization completed in 171 ms
2022-06-29 08:25:11.463  INFO 86742 --- [    Test worker] de.bwaldvogel.mongo.MongoServer          : started MongoServer(port: 63592, ssl: false)
2022-06-29 08:25:11.463  INFO 86742 --- [    Test worker] org.mongodb.driver.cluster               : Cluster created with settings {hosts=[127.0.0.1:63592], mode=SINGLE, requiredClusterType=UNKNOWN, serverSelectionTimeout='30000 ms', maxWaitQueueSize=500}
2022-06-29 08:25:11.465  INFO 86742 --- [-server-worker1] d.b.mongo.wire.MongoWireProtocolHandler  : client [id: 0x032af16e, L:/127.0.0.1:63592 - R:/127.0.0.1:63593] connected
2022-06-29 08:25:11.466  WARN 86742 --- [    Test worker] o.s.data.convert.CustomConversions       : Registering converter from class java.time.LocalDateTime to class java.time.Instant as reading converter although it doesn't convert from a store-supported type! You might wanna check you annotation setup at the converter implementation.
2022-06-29 08:25:11.466  WARN 86742 --- [    Test worker] o.s.data.convert.CustomConversions       : Registering converter from class java.time.Instant to class java.time.LocalDateTime as reading converter although it doesn't convert from a store-supported type! You might wanna check you annotation setup at the converter implementation.
2022-06-29 08:25:11.466  WARN 86742 --- [    Test worker] o.s.data.convert.CustomConversions       : Registering converter from class java.time.LocalDateTime to class java.time.Instant as reading converter although it doesn't convert from a store-supported type! You might wanna check you annotation setup at the converter implementation.
2022-06-29 08:25:11.466  WARN 86742 --- [    Test worker] o.s.data.convert.CustomConversions       : Registering converter from class java.time.Instant to class java.time.LocalDateTime as reading converter although it doesn't convert from a store-supported type! You might wanna check you annotation setup at the converter implementation.
2022-06-29 08:25:11.471  INFO 86742 --- [127.0.0.1:63592] org.mongodb.driver.connection            : Opened connection [connectionId{localValue:3}] to 127.0.0.1:63592
2022-06-29 08:25:11.472  INFO 86742 --- [127.0.0.1:63592] org.mongodb.driver.cluster               : Monitor thread successfully connected to server with description ServerDescription{address=127.0.0.1:63592, type=STANDALONE, state=CONNECTED, ok=true, version=ServerVersion{versionList=[3, 0, 0]}, minWireVersion=0, maxWireVersion=2, maxDocumentSize=16777216, logicalSessionTimeoutMinutes=null, roundTripTimeNanos=686541}
2022-06-29 08:25:11.487  INFO 86742 --- [-server-worker2] d.b.mongo.wire.MongoWireProtocolHandler  : client [id: 0xac0c82d4, L:/127.0.0.1:63592 - R:/127.0.0.1:63594] connected
2022-06-29 08:25:11.490  INFO 86742 --- [    Test worker] org.mongodb.driver.connection            : Opened connection [connectionId{localValue:4}] to 127.0.0.1:63592
2022-06-29 08:25:11.491  INFO 86742 --- [-server-worker2] d.b.mongo.backend.AbstractMongoBackend   : created database test
2022-06-29 08:25:11.491  INFO 86742 --- [-server-worker2] d.b.mongo.backend.AbstractMongoDatabase  : adding unique _id index for collection employee
2022-06-29 08:25:11.491  INFO 86742 --- [-server-worker2] d.b.mongo.backend.AbstractMongoDatabase  : created collection test.employee
2022-06-29 08:25:11.524  INFO 86742 --- [    Test worker] o.s.s.concurrent.ThreadPoolTaskExecutor  : Initializing ExecutorService 'applicationTaskExecutor'
2022-06-29 08:25:11.551  WARN 86742 --- [    Test worker] o.s.data.convert.CustomConversions       : Registering converter from class java.time.LocalDateTime to class java.time.Instant as reading converter although it doesn't convert from a store-supported type! You might wanna check you annotation setup at the converter implementation.
2022-06-29 08:25:11.551  WARN 86742 --- [    Test worker] o.s.data.convert.CustomConversions       : Registering converter from class java.time.Instant to class java.time.LocalDateTime as reading converter although it doesn't convert from a store-supported type! You might wanna check you annotation setup at the converter implementation.
2022-06-29 08:25:11.556  WARN 86742 --- [    Test worker] o.s.data.convert.CustomConversions       : Registering converter from class java.time.LocalDateTime to class java.time.Instant as reading converter although it doesn't convert from a store-supported type! You might wanna check you annotation setup at the converter implementation.
2022-06-29 08:25:11.556  WARN 86742 --- [    Test worker] o.s.data.convert.CustomConversions       : Registering converter from class java.time.Instant to class java.time.LocalDateTime as reading converter although it doesn't convert from a store-supported type! You might wanna check you annotation setup at the converter implementation.
2022-06-29 08:25:11.580  INFO 86742 --- [    Test worker] o.s.b.w.embedded.tomcat.TomcatWebServer  : Tomcat started on port(s): 63595 (http) with context path ''
2022-06-29 08:25:11.582  INFO 86742 --- [    Test worker] c.m.c.s.i.DirectReportsServiceImplTest   : Started DirectReportsServiceImplTest in 0.334 seconds (JVM running for 2.014)
]]></system-out>
  <system-err><![CDATA[]]></system-err>
</testsuite>
