<?xml version="1.0" encoding="UTF-8"?>
<testsuite name="com.mindex.challenge.ChallengeApplicationTests" tests="1" skipped="0" failures="0" errors="0" timestamp="2022-06-28T19:56:07" hostname="jimburke-2.local" time="0.001">
  <properties/>
  <testcase name="contextLoads" classname="com.mindex.challenge.ChallengeApplicationTests" time="0.001"/>
  <system-out><![CDATA[2022-06-28 15:56:07.223  INFO 58665 --- [    Test worker] .b.t.c.SpringBootTestContextBootstrapper : Neither @ContextConfiguration nor @ContextHierarchy found for test class [com.mindex.challenge.ChallengeApplicationTests], using SpringBootContextLoader
2022-06-28 15:56:07.223  INFO 58665 --- [    Test worker] o.s.t.c.support.AbstractContextLoader    : Could not detect default resource locations for test class [com.mindex.challenge.ChallengeApplicationTests]: no resource found for suffixes {-context.xml, Context.groovy}.
2022-06-28 15:56:07.224  INFO 58665 --- [    Test worker] t.c.s.AnnotationConfigContextLoaderUtils : Could not detect default configuration classes for test class [com.mindex.challenge.ChallengeApplicationTests]: ChallengeApplicationTests does not declare any static, non-private, non-final, nested classes annotated with @Configuration.
2022-06-28 15:56:07.224  INFO 58665 --- [    Test worker] .b.t.c.SpringBootTestContextBootstrapper : Found @SpringBootConfiguration com.mindex.challenge.ChallengeApplication for test class com.mindex.challenge.ChallengeApplicationTests
2022-06-28 15:56:07.224  INFO 58665 --- [    Test worker] .b.t.c.SpringBootTestContextBootstrapper : Loaded default TestExecutionListener class names from location [META-INF/spring.factories]: [org.springframework.boot.test.autoconfigure.restdocs.RestDocsTestExecutionListener, org.springframework.boot.test.autoconfigure.web.client.MockRestServiceServerResetTestExecutionListener, org.springframework.boot.test.autoconfigure.web.servlet.MockMvcPrintOnlyOnFailureTestExecutionListener, org.springframework.boot.test.autoconfigure.web.servlet.WebDriverTestExecutionListener, org.springframework.boot.test.mock.mockito.MockitoTestExecutionListener, org.springframework.boot.test.mock.mockito.ResetMocksTestExecutionListener, org.springframework.test.context.web.ServletTestExecutionListener, org.springframework.test.context.support.DirtiesContextBeforeModesTestExecutionListener, org.springframework.test.context.support.DependencyInjectionTestExecutionListener, org.springframework.test.context.support.DirtiesContextTestExecutionListener, org.springframework.test.context.transaction.TransactionalTestExecutionListener, org.springframework.test.context.jdbc.SqlScriptsTestExecutionListener, org.springframework.test.context.event.EventPublishingTestExecutionListener]
2022-06-28 15:56:07.225  INFO 58665 --- [    Test worker] .b.t.c.SpringBootTestContextBootstrapper : Using TestExecutionListeners: [org.springframework.test.context.web.ServletTestExecutionListener@5b7ee56c, org.springframework.test.context.support.DirtiesContextBeforeModesTestExecutionListener@311a0b3e, org.springframework.boot.test.mock.mockito.MockitoTestExecutionListener@3de8f85c, org.springframework.boot.test.autoconfigure.SpringBootDependencyInjectionTestExecutionListener@21abda60, org.springframework.test.context.support.DirtiesContextTestExecutionListener@dd20ebc, org.springframework.test.context.transaction.TransactionalTestExecutionListener@6c70b7c3, org.springframework.test.context.jdbc.SqlScriptsTestExecutionListener@16a09809, org.springframework.test.context.event.EventPublishingTestExecutionListener@69a73867, org.springframework.boot.test.autoconfigure.restdocs.RestDocsTestExecutionListener@749d7c01, org.springframework.boot.test.autoconfigure.web.client.MockRestServiceServerResetTestExecutionListener@1d3a03fe, org.springframework.boot.test.autoconfigure.web.servlet.MockMvcPrintOnlyOnFailureTestExecutionListener@f48a080, org.springframework.boot.test.autoconfigure.web.servlet.WebDriverTestExecutionListener@5f7cd50e, org.springframework.boot.test.mock.mockito.ResetMocksTestExecutionListener@401ec794]
]]></system-out>
  <system-err><![CDATA[]]></system-err>
</testsuite>
