<?xml version="1.0" encoding="UTF-8"?>
<testsuite name="com.mindex.challenge.service.impl.ReportStructureServiceImplTest" tests="1" skipped="0" failures="0" errors="0" timestamp="2022-06-28T19:56:07" hostname="jimburke-2.local" time="0.005">
  <properties/>
  <testcase name="testReportCount" classname="com.mindex.challenge.service.impl.ReportStructureServiceImplTest" time="0.005"/>
  <system-out><![CDATA[2022-06-28 15:56:07.633  INFO 58665 --- [    Test worker] .b.t.c.SpringBootTestContextBootstrapper : Neither @ContextConfiguration nor @ContextHierarchy found for test class [com.mindex.challenge.service.impl.ReportStructureServiceImplTest], using SpringBootContextLoader
2022-06-28 15:56:07.633  INFO 58665 --- [    Test worker] o.s.t.c.support.AbstractContextLoader    : Could not detect default resource locations for test class [com.mindex.challenge.service.impl.ReportStructureServiceImplTest]: no resource found for suffixes {-context.xml, Context.groovy}.
2022-06-28 15:56:07.634  INFO 58665 --- [    Test worker] t.c.s.AnnotationConfigContextLoaderUtils : Could not detect default configuration classes for test class [com.mindex.challenge.service.impl.ReportStructureServiceImplTest]: ReportStructureServiceImplTest does not declare any static, non-private, non-final, nested classes annotated with @Configuration.
2022-06-28 15:56:07.634  INFO 58665 --- [    Test worker] .b.t.c.SpringBootTestContextBootstrapper : Found @SpringBootConfiguration com.mindex.challenge.ChallengeApplication for test class com.mindex.challenge.service.impl.ReportStructureServiceImplTest
2022-06-28 15:56:07.634  INFO 58665 --- [    Test worker] .b.t.c.SpringBootTestContextBootstrapper : Loaded default TestExecutionListener class names from location [META-INF/spring.factories]: [org.springframework.boot.test.autoconfigure.restdocs.RestDocsTestExecutionListener, org.springframework.boot.test.autoconfigure.web.client.MockRestServiceServerResetTestExecutionListener, org.springframework.boot.test.autoconfigure.web.servlet.MockMvcPrintOnlyOnFailureTestExecutionListener, org.springframework.boot.test.autoconfigure.web.servlet.WebDriverTestExecutionListener, org.springframework.boot.test.mock.mockito.MockitoTestExecutionListener, org.springframework.boot.test.mock.mockito.ResetMocksTestExecutionListener, org.springframework.test.context.web.ServletTestExecutionListener, org.springframework.test.context.support.DirtiesContextBeforeModesTestExecutionListener, org.springframework.test.context.support.DependencyInjectionTestExecutionListener, org.springframework.test.context.support.DirtiesContextTestExecutionListener, org.springframework.test.context.transaction.TransactionalTestExecutionListener, org.springframework.test.context.jdbc.SqlScriptsTestExecutionListener, org.springframework.test.context.event.EventPublishingTestExecutionListener]
2022-06-28 15:56:07.635  INFO 58665 --- [    Test worker] .b.t.c.SpringBootTestContextBootstrapper : Using TestExecutionListeners: [org.springframework.test.context.web.ServletTestExecutionListener@351e86b2, org.springframework.test.context.support.DirtiesContextBeforeModesTestExecutionListener@5a8b42a3, org.springframework.boot.test.mock.mockito.MockitoTestExecutionListener@11582db6, org.springframework.boot.test.autoconfigure.SpringBootDependencyInjectionTestExecutionListener@44106e25, org.springframework.test.context.support.DirtiesContextTestExecutionListener@57a5b03, org.springframework.test.context.transaction.TransactionalTestExecutionListener@5649f55, org.springframework.test.context.jdbc.SqlScriptsTestExecutionListener@558127d2, org.springframework.test.context.event.EventPublishingTestExecutionListener@12270a01, org.springframework.boot.test.autoconfigure.restdocs.RestDocsTestExecutionListener@4552f905, org.springframework.boot.test.autoconfigure.web.client.MockRestServiceServerResetTestExecutionListener@646d58cd, org.springframework.boot.test.autoconfigure.web.servlet.MockMvcPrintOnlyOnFailureTestExecutionListener@388e4c25, org.springframework.boot.test.autoconfigure.web.servlet.WebDriverTestExecutionListener@12532e37, org.springframework.boot.test.mock.mockito.ResetMocksTestExecutionListener@401b67a9]
]]></system-out>
  <system-err><![CDATA[]]></system-err>
</testsuite>
