<?xml version="1.0" encoding="UTF-8"?>
<testsuite name="com.mindex.challenge.DataBootstrapTest" tests="1" skipped="0" failures="0" errors="0" timestamp="2022-06-28T19:56:07" hostname="jimburke-2.local" time="0.126">
  <properties/>
  <testcase name="test" classname="com.mindex.challenge.DataBootstrapTest" time="0.126"/>
  <system-out><![CDATA[15:56:05.920 [Test worker] DEBUG org.springframework.test.context.junit4.SpringJUnit4ClassRunner - SpringJUnit4ClassRunner constructor called with [class com.mindex.challenge.DataBootstrapTest]
15:56:05.923 [Test worker] DEBUG org.springframework.test.context.BootstrapUtils - Instantiating CacheAwareContextLoaderDelegate from class [org.springframework.test.context.cache.DefaultCacheAwareContextLoaderDelegate]
15:56:05.926 [Test worker] DEBUG org.springframework.test.context.BootstrapUtils - Instantiating BootstrapContext using constructor [public org.springframework.test.context.support.DefaultBootstrapContext(java.lang.Class,org.springframework.test.context.CacheAwareContextLoaderDelegate)]
15:56:05.942 [Test worker] DEBUG org.springframework.test.context.BootstrapUtils - Instantiating TestContextBootstrapper for test class [com.mindex.challenge.DataBootstrapTest] from class [org.springframework.boot.test.context.SpringBootTestContextBootstrapper]
15:56:05.949 [Test worker] INFO org.springframework.boot.test.context.SpringBootTestContextBootstrapper - Neither @ContextConfiguration nor @ContextHierarchy found for test class [com.mindex.challenge.DataBootstrapTest], using SpringBootContextLoader
15:56:05.951 [Test worker] DEBUG org.springframework.test.context.support.AbstractContextLoader - Did not detect default resource location for test class [com.mindex.challenge.DataBootstrapTest]: class path resource [com/mindex/challenge/DataBootstrapTest-context.xml] does not exist
15:56:05.951 [Test worker] DEBUG org.springframework.test.context.support.AbstractContextLoader - Did not detect default resource location for test class [com.mindex.challenge.DataBootstrapTest]: class path resource [com/mindex/challenge/DataBootstrapTestContext.groovy] does not exist
15:56:05.951 [Test worker] INFO org.springframework.test.context.support.AbstractContextLoader - Could not detect default resource locations for test class [com.mindex.challenge.DataBootstrapTest]: no resource found for suffixes {-context.xml, Context.groovy}.
15:56:05.951 [Test worker] INFO org.springframework.test.context.support.AnnotationConfigContextLoaderUtils - Could not detect default configuration classes for test class [com.mindex.challenge.DataBootstrapTest]: DataBootstrapTest does not declare any static, non-private, non-final, nested classes annotated with @Configuration.
15:56:05.967 [Test worker] DEBUG org.springframework.test.context.support.ActiveProfilesUtils - Could not find an 'annotation declaring class' for annotation type [org.springframework.test.context.ActiveProfiles] and class [com.mindex.challenge.DataBootstrapTest]
15:56:05.995 [Test worker] DEBUG org.springframework.context.annotation.ClassPathScanningCandidateComponentProvider - Identified candidate component class: file [/Users/jimburke/eclipse-workspace/Hello/build/classes/java/main/com/mindex/challenge/ChallengeApplication.class]
15:56:05.996 [Test worker] INFO org.springframework.boot.test.context.SpringBootTestContextBootstrapper - Found @SpringBootConfiguration com.mindex.challenge.ChallengeApplication for test class com.mindex.challenge.DataBootstrapTest
15:56:06.027 [Test worker] DEBUG org.springframework.boot.test.context.SpringBootTestContextBootstrapper - @TestExecutionListeners is not present for class [com.mindex.challenge.DataBootstrapTest]: using defaults.
15:56:06.027 [Test worker] INFO org.springframework.boot.test.context.SpringBootTestContextBootstrapper - Loaded default TestExecutionListener class names from location [META-INF/spring.factories]: [org.springframework.boot.test.autoconfigure.restdocs.RestDocsTestExecutionListener, org.springframework.boot.test.autoconfigure.web.client.MockRestServiceServerResetTestExecutionListener, org.springframework.boot.test.autoconfigure.web.servlet.MockMvcPrintOnlyOnFailureTestExecutionListener, org.springframework.boot.test.autoconfigure.web.servlet.WebDriverTestExecutionListener, org.springframework.boot.test.mock.mockito.MockitoTestExecutionListener, org.springframework.boot.test.mock.mockito.ResetMocksTestExecutionListener, org.springframework.test.context.web.ServletTestExecutionListener, org.springframework.test.context.support.DirtiesContextBeforeModesTestExecutionListener, org.springframework.test.context.support.DependencyInjectionTestExecutionListener, org.springframework.test.context.support.DirtiesContextTestExecutionListener, org.springframework.test.context.transaction.TransactionalTestExecutionListener, org.springframework.test.context.jdbc.SqlScriptsTestExecutionListener, org.springframework.test.context.event.EventPublishingTestExecutionListener]
15:56:06.033 [Test worker] INFO org.springframework.boot.test.context.SpringBootTestContextBootstrapper - Using TestExecutionListeners: [org.springframework.test.context.web.ServletTestExecutionListener@7f132176, org.springframework.test.context.support.DirtiesContextBeforeModesTestExecutionListener@6bca7e0d, org.springframework.boot.test.mock.mockito.MockitoTestExecutionListener@2631f68c, org.springframework.boot.test.autoconfigure.SpringBootDependencyInjectionTestExecutionListener@6ed3f258, org.springframework.test.context.support.DirtiesContextTestExecutionListener@8ad6665, org.springframework.test.context.transaction.TransactionalTestExecutionListener@30af5b6b, org.springframework.test.context.jdbc.SqlScriptsTestExecutionListener@19835e64, org.springframework.test.context.event.EventPublishingTestExecutionListener@68b32e3e, org.springframework.boot.test.autoconfigure.restdocs.RestDocsTestExecutionListener@bcef303, org.springframework.boot.test.autoconfigure.web.client.MockRestServiceServerResetTestExecutionListener@41709512, org.springframework.boot.test.autoconfigure.web.servlet.MockMvcPrintOnlyOnFailureTestExecutionListener@42039326, org.springframework.boot.test.autoconfigure.web.servlet.WebDriverTestExecutionListener@33308786, org.springframework.boot.test.mock.mockito.ResetMocksTestExecutionListener@4f9a2c08]
15:56:06.034 [Test worker] DEBUG org.springframework.test.annotation.ProfileValueUtils - Retrieved @ProfileValueSourceConfiguration [null] for test class [com.mindex.challenge.DataBootstrapTest]
15:56:06.034 [Test worker] DEBUG org.springframework.test.annotation.ProfileValueUtils - Retrieved ProfileValueSource type [class org.springframework.test.annotation.SystemProfileValueSource] for class [com.mindex.challenge.DataBootstrapTest]
15:56:06.034 [Test worker] DEBUG org.springframework.test.annotation.ProfileValueUtils - Retrieved @ProfileValueSourceConfiguration [null] for test class [com.mindex.challenge.DataBootstrapTest]
15:56:06.034 [Test worker] DEBUG org.springframework.test.annotation.ProfileValueUtils - Retrieved ProfileValueSource type [class org.springframework.test.annotation.SystemProfileValueSource] for class [com.mindex.challenge.DataBootstrapTest]
15:56:06.036 [Test worker] DEBUG org.springframework.test.context.support.AbstractDirtiesContextTestExecutionListener - Before test class: context [DefaultTestContext@dbd8e44 testClass = DataBootstrapTest, testInstance = [null], testMethod = [null], testException = [null], mergedContextConfiguration = [WebMergedContextConfiguration@51acdf2e testClass = DataBootstrapTest, locations = '{}', classes = '{class com.mindex.challenge.ChallengeApplication}', contextInitializerClasses = '[]', activeProfiles = '{}', propertySourceLocations = '{}', propertySourceProperties = '{org.springframework.boot.test.context.SpringBootTestContextBootstrapper=true}', contextCustomizers = set[org.springframework.boot.test.autoconfigure.properties.PropertyMappingContextCustomizer@0, org.springframework.boot.test.autoconfigure.web.servlet.WebDriverContextCustomizerFactory$Customizer@6440112d, org.springframework.boot.test.context.filter.ExcludeFilterContextCustomizer@2b40ff9c, org.springframework.boot.test.json.DuplicateJsonObjectContextCustomizerFactory$DuplicateJsonObjectContextCustomizer@8462f31, org.springframework.boot.test.mock.mockito.MockitoContextCustomizer@0, org.springframework.boot.test.web.client.TestRestTemplateContextCustomizer@7ae0a9ec], resourceBasePath = 'src/main/webapp', contextLoader = 'org.springframework.boot.test.context.SpringBootContextLoader', parent = [null]], attributes = map['org.springframework.test.context.web.ServletTestExecutionListener.activateListener' -> true]], class annotated with @DirtiesContext [false] with mode [null].
15:56:06.036 [Test worker] DEBUG org.springframework.test.annotation.ProfileValueUtils - Retrieved @ProfileValueSourceConfiguration [null] for test class [com.mindex.challenge.DataBootstrapTest]
15:56:06.036 [Test worker] DEBUG org.springframework.test.annotation.ProfileValueUtils - Retrieved ProfileValueSource type [class org.springframework.test.annotation.SystemProfileValueSource] for class [com.mindex.challenge.DataBootstrapTest]
15:56:06.045 [Test worker] DEBUG org.springframework.test.context.support.TestPropertySourceUtils - Adding inlined properties to environment: {spring.jmx.enabled=false, org.springframework.boot.test.context.SpringBootTestContextBootstrapper=true, server.port=-1}

  .   ____          _            __ _ _
 /\\ / ___'_ __ _ _(_)_ __  __ _ \ \ \ \
( ( )\___ | '_ | '_| | '_ \/ _` | \ \ \ \
 \\/  ___)| |_)| | | | | || (_| |  ) ) ) )
  '  |____| .__|_| |_|_| |_\__, | / / / /
 =========|_|==============|___/=/_/_/_/
 :: Spring Boot ::        (v2.2.0.RELEASE)

2022-06-28 15:56:06.144  INFO 58665 --- [    Test worker] com.mindex.challenge.DataBootstrapTest   : Starting DataBootstrapTest on jimburke-2.local with PID 58665 (started by jimburke in /Users/jimburke/eclipse-workspace/Hello)
2022-06-28 15:56:06.145 DEBUG 58665 --- [    Test worker] com.mindex.challenge.DataBootstrapTest   : Running with Spring Boot v2.2.0.RELEASE, Spring v5.2.0.RELEASE
2022-06-28 15:56:06.145  INFO 58665 --- [    Test worker] com.mindex.challenge.DataBootstrapTest   : No active profile set, falling back to default profiles: default
2022-06-28 15:56:06.304  INFO 58665 --- [    Test worker] .s.d.r.c.RepositoryConfigurationDelegate : Bootstrapping Spring Data repositories in DEFAULT mode.
2022-06-28 15:56:06.322  INFO 58665 --- [    Test worker] .s.d.r.c.RepositoryConfigurationDelegate : Finished Spring Data repository scanning in 15ms. Found 1 repository interfaces.
2022-06-28 15:56:06.599  INFO 58665 --- [    Test worker] de.bwaldvogel.mongo.MongoServer          : started MongoServer(port: 56321, ssl: false)
2022-06-28 15:56:06.627  INFO 58665 --- [    Test worker] org.mongodb.driver.cluster               : Cluster created with settings {hosts=[127.0.0.1:56321], mode=SINGLE, requiredClusterType=UNKNOWN, serverSelectionTimeout='30000 ms', maxWaitQueueSize=500}
2022-06-28 15:56:06.653  INFO 58665 --- [-server-worker1] d.b.mongo.wire.MongoWireProtocolHandler  : client [id: 0x87046630, L:/127.0.0.1:56321 - R:/127.0.0.1:56322] connected
2022-06-28 15:56:06.683  WARN 58665 --- [    Test worker] o.s.data.convert.CustomConversions       : Registering converter from class java.time.LocalDateTime to class java.time.Instant as reading converter although it doesn't convert from a store-supported type! You might wanna check you annotation setup at the converter implementation.
2022-06-28 15:56:06.683  WARN 58665 --- [    Test worker] o.s.data.convert.CustomConversions       : Registering converter from class java.time.Instant to class java.time.LocalDateTime as reading converter although it doesn't convert from a store-supported type! You might wanna check you annotation setup at the converter implementation.
2022-06-28 15:56:06.685  INFO 58665 --- [127.0.0.1:56321] org.mongodb.driver.connection            : Opened connection [connectionId{localValue:1}] to 127.0.0.1:56321
2022-06-28 15:56:06.685  WARN 58665 --- [    Test worker] o.s.data.convert.CustomConversions       : Registering converter from class java.time.LocalDateTime to class java.time.Instant as reading converter although it doesn't convert from a store-supported type! You might wanna check you annotation setup at the converter implementation.
2022-06-28 15:56:06.686  WARN 58665 --- [    Test worker] o.s.data.convert.CustomConversions       : Registering converter from class java.time.Instant to class java.time.LocalDateTime as reading converter although it doesn't convert from a store-supported type! You might wanna check you annotation setup at the converter implementation.
2022-06-28 15:56:06.687  INFO 58665 --- [127.0.0.1:56321] org.mongodb.driver.cluster               : Monitor thread successfully connected to server with description ServerDescription{address=127.0.0.1:56321, type=STANDALONE, state=CONNECTED, ok=true, version=ServerVersion{versionList=[3, 0, 0]}, minWireVersion=0, maxWireVersion=2, maxDocumentSize=16777216, logicalSessionTimeoutMinutes=null, roundTripTimeNanos=1107792}
2022-06-28 15:56:06.835  INFO 58665 --- [-server-worker2] d.b.mongo.wire.MongoWireProtocolHandler  : client [id: 0xfb741ddc, L:/127.0.0.1:56321 - R:/127.0.0.1:56323] connected
2022-06-28 15:56:06.839  INFO 58665 --- [    Test worker] org.mongodb.driver.connection            : Opened connection [connectionId{localValue:2}] to 127.0.0.1:56321
2022-06-28 15:56:06.853  INFO 58665 --- [-server-worker2] d.b.mongo.backend.AbstractMongoBackend   : created database test
2022-06-28 15:56:06.858  INFO 58665 --- [-server-worker2] d.b.mongo.backend.AbstractMongoDatabase  : adding unique _id index for collection employee
2022-06-28 15:56:06.859  INFO 58665 --- [-server-worker2] d.b.mongo.backend.AbstractMongoDatabase  : created collection test.employee
2022-06-28 15:56:06.992  INFO 58665 --- [    Test worker] o.s.s.concurrent.ThreadPoolTaskExecutor  : Initializing ExecutorService 'applicationTaskExecutor'
2022-06-28 15:56:07.055  WARN 58665 --- [    Test worker] o.s.data.convert.CustomConversions       : Registering converter from class java.time.LocalDateTime to class java.time.Instant as reading converter although it doesn't convert from a store-supported type! You might wanna check you annotation setup at the converter implementation.
2022-06-28 15:56:07.055  WARN 58665 --- [    Test worker] o.s.data.convert.CustomConversions       : Registering converter from class java.time.Instant to class java.time.LocalDateTime as reading converter although it doesn't convert from a store-supported type! You might wanna check you annotation setup at the converter implementation.
2022-06-28 15:56:07.062  WARN 58665 --- [    Test worker] o.s.data.convert.CustomConversions       : Registering converter from class java.time.LocalDateTime to class java.time.Instant as reading converter although it doesn't convert from a store-supported type! You might wanna check you annotation setup at the converter implementation.
2022-06-28 15:56:07.062  WARN 58665 --- [    Test worker] o.s.data.convert.CustomConversions       : Registering converter from class java.time.Instant to class java.time.LocalDateTime as reading converter although it doesn't convert from a store-supported type! You might wanna check you annotation setup at the converter implementation.
2022-06-28 15:56:07.090  INFO 58665 --- [    Test worker] com.mindex.challenge.DataBootstrapTest   : Started DataBootstrapTest in 1.04 seconds (JVM running for 1.403)
]]></system-out>
  <system-err><![CDATA[]]></system-err>
</testsuite>
