<?xml version="1.0" encoding="UTF-8"?>
<testsuite name="com.mindex.challenge.service.impl.EmployeeServiceImplTest" tests="1" skipped="0" failures="0" errors="0" timestamp="2022-06-29T12:25:11" hostname="jimburke-2.local" time="0.085">
  <properties/>
  <testcase name="testCreateReadUpdate" classname="com.mindex.challenge.service.impl.EmployeeServiceImplTest" time="0.085"/>
  <system-out><![CDATA[2022-06-29 08:25:11.592  INFO 86742 --- [    Test worker] .b.t.c.SpringBootTestContextBootstrapper : Neither @ContextConfiguration nor @ContextHierarchy found for test class [com.mindex.challenge.service.impl.EmployeeServiceImplTest], using SpringBootContextLoader
2022-06-29 08:25:11.592  INFO 86742 --- [    Test worker] o.s.t.c.support.AbstractContextLoader    : Could not detect default resource locations for test class [com.mindex.challenge.service.impl.EmployeeServiceImplTest]: no resource found for suffixes {-context.xml, Context.groovy}.
2022-06-29 08:25:11.592  INFO 86742 --- [    Test worker] t.c.s.AnnotationConfigContextLoaderUtils : Could not detect default configuration classes for test class [com.mindex.challenge.service.impl.EmployeeServiceImplTest]: EmployeeServiceImplTest does not declare any static, non-private, non-final, nested classes annotated with @Configuration.
2022-06-29 08:25:11.593  INFO 86742 --- [    Test worker] .b.t.c.SpringBootTestContextBootstrapper : Found @SpringBootConfiguration com.mindex.challenge.ChallengeApplication for test class com.mindex.challenge.service.impl.EmployeeServiceImplTest
2022-06-29 08:25:11.593  INFO 86742 --- [    Test worker] .b.t.c.SpringBootTestContextBootstrapper : Loaded default TestExecutionListener class names from location [META-INF/spring.factories]: [org.springframework.boot.test.autoconfigure.restdocs.RestDocsTestExecutionListener, org.springframework.boot.test.autoconfigure.web.client.MockRestServiceServerResetTestExecutionListener, org.springframework.boot.test.autoconfigure.web.servlet.MockMvcPrintOnlyOnFailureTestExecutionListener, org.springframework.boot.test.autoconfigure.web.servlet.WebDriverTestExecutionListener, org.springframework.boot.test.mock.mockito.MockitoTestExecutionListener, org.springframework.boot.test.mock.mockito.ResetMocksTestExecutionListener, org.springframework.test.context.web.ServletTestExecutionListener, org.springframework.test.context.support.DirtiesContextBeforeModesTestExecutionListener, org.springframework.test.context.support.DependencyInjectionTestExecutionListener, org.springframework.test.context.support.DirtiesContextTestExecutionListener, org.springframework.test.context.transaction.TransactionalTestExecutionListener, org.springframework.test.context.jdbc.SqlScriptsTestExecutionListener, org.springframework.test.context.event.EventPublishingTestExecutionListener]
2022-06-29 08:25:11.593  INFO 86742 --- [    Test worker] .b.t.c.SpringBootTestContextBootstrapper : Using TestExecutionListeners: [org.springframework.test.context.web.ServletTestExecutionListener@562f6681, org.springframework.test.context.support.DirtiesContextBeforeModesTestExecutionListener@6f6f65a4, org.springframework.boot.test.mock.mockito.MockitoTestExecutionListener@990b86b, org.springframework.boot.test.autoconfigure.SpringBootDependencyInjectionTestExecutionListener@3dea1ecc, org.springframework.test.context.support.DirtiesContextTestExecutionListener@105c6c9e, org.springframework.test.context.transaction.TransactionalTestExecutionListener@40a7974, org.springframework.test.context.jdbc.SqlScriptsTestExecutionListener@8d5da7e, org.springframework.test.context.event.EventPublishingTestExecutionListener@65a4b9d6, org.springframework.boot.test.autoconfigure.restdocs.RestDocsTestExecutionListener@16ef1160, org.springframework.boot.test.autoconfigure.web.client.MockRestServiceServerResetTestExecutionListener@41f90b10, org.springframework.boot.test.autoconfigure.web.servlet.MockMvcPrintOnlyOnFailureTestExecutionListener@67593f7b, org.springframework.boot.test.autoconfigure.web.servlet.WebDriverTestExecutionListener@2773504f, org.springframework.boot.test.mock.mockito.ResetMocksTestExecutionListener@497921d0]
2022-06-29 08:25:11.638  INFO 86742 --- [o-auto-1-exec-1] o.a.c.c.C.[Tomcat].[localhost].[/]       : Initializing Spring DispatcherServlet 'dispatcherServlet'
2022-06-29 08:25:11.638  INFO 86742 --- [o-auto-1-exec-1] o.s.web.servlet.DispatcherServlet        : Initializing Servlet 'dispatcherServlet'
2022-06-29 08:25:11.644  INFO 86742 --- [o-auto-1-exec-1] o.s.web.servlet.DispatcherServlet        : Completed initialization in 6 ms
2022-06-29 08:25:11.656 DEBUG 86742 --- [o-auto-1-exec-1] c.m.c.controller.EmployeeController      : Received employee create request for [com.mindex.challenge.data.Employee@4bbd4826]
2022-06-29 08:25:11.656 DEBUG 86742 --- [o-auto-1-exec-1] c.m.c.service.impl.EmployeeServiceImpl   : Creating employee [com.mindex.challenge.data.Employee@4bbd4826]
2022-06-29 08:25:11.669 DEBUG 86742 --- [o-auto-1-exec-2] c.m.c.controller.EmployeeController      : Received employee create request for id [9c31ee15-9d0f-4d54-be61-7964bf9c314f]
2022-06-29 08:25:11.669 DEBUG 86742 --- [o-auto-1-exec-2] c.m.c.service.impl.EmployeeServiceImpl   : Creating employee with id [9c31ee15-9d0f-4d54-be61-7964bf9c314f]
2022-06-29 08:25:11.673 DEBUG 86742 --- [o-auto-1-exec-3] c.m.c.controller.EmployeeController      : Received employee create request for id [9c31ee15-9d0f-4d54-be61-7964bf9c314f] and employee [com.mindex.challenge.data.Employee@26a51968]
2022-06-29 08:25:11.673 DEBUG 86742 --- [o-auto-1-exec-3] c.m.c.service.impl.EmployeeServiceImpl   : Updating employee [com.mindex.challenge.data.Employee@26a51968]
]]></system-out>
  <system-err><![CDATA[]]></system-err>
</testsuite>
