<?xml version="1.0" encoding="UTF-8"?>
<testsuite name="com.mindex.challenge.service.impl.EmployeeServiceImplTest" tests="1" skipped="0" failures="0" errors="0" timestamp="2022-06-28T19:56:07" hostname="jimburke-2.local" time="0.08">
  <properties/>
  <testcase name="testCreateReadUpdate" classname="com.mindex.challenge.service.impl.EmployeeServiceImplTest" time="0.08"/>
  <system-out><![CDATA[2022-06-28 15:56:07.229  INFO 58665 --- [    Test worker] .b.t.c.SpringBootTestContextBootstrapper : Neither @ContextConfiguration nor @ContextHierarchy found for test class [com.mindex.challenge.service.impl.EmployeeServiceImplTest], using SpringBootContextLoader
2022-06-28 15:56:07.230  INFO 58665 --- [    Test worker] o.s.t.c.support.AbstractContextLoader    : Could not detect default resource locations for test class [com.mindex.challenge.service.impl.EmployeeServiceImplTest]: no resource found for suffixes {-context.xml, Context.groovy}.
2022-06-28 15:56:07.230  INFO 58665 --- [    Test worker] t.c.s.AnnotationConfigContextLoaderUtils : Could not detect default configuration classes for test class [com.mindex.challenge.service.impl.EmployeeServiceImplTest]: EmployeeServiceImplTest does not declare any static, non-private, non-final, nested classes annotated with @Configuration.
2022-06-28 15:56:07.233  INFO 58665 --- [    Test worker] .b.t.c.SpringBootTestContextBootstrapper : Found @SpringBootConfiguration com.mindex.challenge.ChallengeApplication for test class com.mindex.challenge.service.impl.EmployeeServiceImplTest
2022-06-28 15:56:07.233  INFO 58665 --- [    Test worker] .b.t.c.SpringBootTestContextBootstrapper : Loaded default TestExecutionListener class names from location [META-INF/spring.factories]: [org.springframework.boot.test.autoconfigure.restdocs.RestDocsTestExecutionListener, org.springframework.boot.test.autoconfigure.web.client.MockRestServiceServerResetTestExecutionListener, org.springframework.boot.test.autoconfigure.web.servlet.MockMvcPrintOnlyOnFailureTestExecutionListener, org.springframework.boot.test.autoconfigure.web.servlet.WebDriverTestExecutionListener, org.springframework.boot.test.mock.mockito.MockitoTestExecutionListener, org.springframework.boot.test.mock.mockito.ResetMocksTestExecutionListener, org.springframework.test.context.web.ServletTestExecutionListener, org.springframework.test.context.support.DirtiesContextBeforeModesTestExecutionListener, org.springframework.test.context.support.DependencyInjectionTestExecutionListener, org.springframework.test.context.support.DirtiesContextTestExecutionListener, org.springframework.test.context.transaction.TransactionalTestExecutionListener, org.springframework.test.context.jdbc.SqlScriptsTestExecutionListener, org.springframework.test.context.event.EventPublishingTestExecutionListener]
2022-06-28 15:56:07.233  INFO 58665 --- [    Test worker] .b.t.c.SpringBootTestContextBootstrapper : Using TestExecutionListeners: [org.springframework.test.context.web.ServletTestExecutionListener@18dac12f, org.springframework.test.context.support.DirtiesContextBeforeModesTestExecutionListener@36cfe107, org.springframework.boot.test.mock.mockito.MockitoTestExecutionListener@100eeedc, org.springframework.boot.test.autoconfigure.SpringBootDependencyInjectionTestExecutionListener@56266bda, org.springframework.test.context.support.DirtiesContextTestExecutionListener@18bb1b88, org.springframework.test.context.transaction.TransactionalTestExecutionListener@51b51641, org.springframework.test.context.jdbc.SqlScriptsTestExecutionListener@362a6aa5, org.springframework.test.context.event.EventPublishingTestExecutionListener@53b7bf01, org.springframework.boot.test.autoconfigure.restdocs.RestDocsTestExecutionListener@139089a4, org.springframework.boot.test.autoconfigure.web.client.MockRestServiceServerResetTestExecutionListener@6a6e9289, org.springframework.boot.test.autoconfigure.web.servlet.MockMvcPrintOnlyOnFailureTestExecutionListener@ff4b223, org.springframework.boot.test.autoconfigure.web.servlet.WebDriverTestExecutionListener@61554b6b, org.springframework.boot.test.mock.mockito.ResetMocksTestExecutionListener@761f234c]

  .   ____          _            __ _ _
 /\\ / ___'_ __ _ _(_)_ __  __ _ \ \ \ \
( ( )\___ | '_ | '_| | '_ \/ _` | \ \ \ \
 \\/  ___)| |_)| | | | | || (_| |  ) ) ) )
  '  |____| .__|_| |_|_| |_\__, | / / / /
 =========|_|==============|___/=/_/_/_/
 :: Spring Boot ::        (v2.2.0.RELEASE)

2022-06-28 15:56:07.242  INFO 58665 --- [    Test worker] c.m.c.s.impl.EmployeeServiceImplTest     : Starting EmployeeServiceImplTest on jimburke-2.local with PID 58665 (started by jimburke in /Users/jimburke/eclipse-workspace/Hello)
2022-06-28 15:56:07.242 DEBUG 58665 --- [    Test worker] c.m.c.s.impl.EmployeeServiceImplTest     : Running with Spring Boot v2.2.0.RELEASE, Spring v5.2.0.RELEASE
2022-06-28 15:56:07.242  INFO 58665 --- [    Test worker] c.m.c.s.impl.EmployeeServiceImplTest     : No active profile set, falling back to default profiles: default
2022-06-28 15:56:07.274  INFO 58665 --- [    Test worker] .s.d.r.c.RepositoryConfigurationDelegate : Bootstrapping Spring Data repositories in DEFAULT mode.
2022-06-28 15:56:07.276  INFO 58665 --- [    Test worker] .s.d.r.c.RepositoryConfigurationDelegate : Finished Spring Data repository scanning in 1ms. Found 1 repository interfaces.
2022-06-28 15:56:07.358  INFO 58665 --- [    Test worker] o.s.b.w.embedded.tomcat.TomcatWebServer  : Tomcat initialized with port(s): 0 (http)
2022-06-28 15:56:07.363  INFO 58665 --- [    Test worker] o.apache.catalina.core.StandardService   : Starting service [Tomcat]
2022-06-28 15:56:07.363  INFO 58665 --- [    Test worker] org.apache.catalina.core.StandardEngine  : Starting Servlet engine: [Apache Tomcat/9.0.27]
2022-06-28 15:56:07.403  INFO 58665 --- [    Test worker] o.a.c.c.C.[Tomcat].[localhost].[/]       : Initializing Spring embedded WebApplicationContext
2022-06-28 15:56:07.404  INFO 58665 --- [    Test worker] o.s.web.context.ContextLoader            : Root WebApplicationContext: initialization completed in 161 ms
2022-06-28 15:56:07.440  INFO 58665 --- [    Test worker] de.bwaldvogel.mongo.MongoServer          : started MongoServer(port: 56324, ssl: false)
2022-06-28 15:56:07.440  INFO 58665 --- [    Test worker] org.mongodb.driver.cluster               : Cluster created with settings {hosts=[127.0.0.1:56324], mode=SINGLE, requiredClusterType=UNKNOWN, serverSelectionTimeout='30000 ms', maxWaitQueueSize=500}
2022-06-28 15:56:07.441  INFO 58665 --- [-server-worker1] d.b.mongo.wire.MongoWireProtocolHandler  : client [id: 0xb372bed4, L:/127.0.0.1:56324 - R:/127.0.0.1:56325] connected
2022-06-28 15:56:07.442  WARN 58665 --- [    Test worker] o.s.data.convert.CustomConversions       : Registering converter from class java.time.LocalDateTime to class java.time.Instant as reading converter although it doesn't convert from a store-supported type! You might wanna check you annotation setup at the converter implementation.
2022-06-28 15:56:07.443  WARN 58665 --- [    Test worker] o.s.data.convert.CustomConversions       : Registering converter from class java.time.Instant to class java.time.LocalDateTime as reading converter although it doesn't convert from a store-supported type! You might wanna check you annotation setup at the converter implementation.
2022-06-28 15:56:07.443  WARN 58665 --- [    Test worker] o.s.data.convert.CustomConversions       : Registering converter from class java.time.LocalDateTime to class java.time.Instant as reading converter although it doesn't convert from a store-supported type! You might wanna check you annotation setup at the converter implementation.
2022-06-28 15:56:07.443  WARN 58665 --- [    Test worker] o.s.data.convert.CustomConversions       : Registering converter from class java.time.Instant to class java.time.LocalDateTime as reading converter although it doesn't convert from a store-supported type! You might wanna check you annotation setup at the converter implementation.
2022-06-28 15:56:07.445  INFO 58665 --- [127.0.0.1:56324] org.mongodb.driver.connection            : Opened connection [connectionId{localValue:3}] to 127.0.0.1:56324
2022-06-28 15:56:07.446  INFO 58665 --- [127.0.0.1:56324] org.mongodb.driver.cluster               : Monitor thread successfully connected to server with description ServerDescription{address=127.0.0.1:56324, type=STANDALONE, state=CONNECTED, ok=true, version=ServerVersion{versionList=[3, 0, 0]}, minWireVersion=0, maxWireVersion=2, maxDocumentSize=16777216, logicalSessionTimeoutMinutes=null, roundTripTimeNanos=407375}
2022-06-28 15:56:07.464  INFO 58665 --- [-server-worker2] d.b.mongo.wire.MongoWireProtocolHandler  : client [id: 0x5b8eaffd, L:/127.0.0.1:56324 - R:/127.0.0.1:56326] connected
2022-06-28 15:56:07.468  INFO 58665 --- [    Test worker] org.mongodb.driver.connection            : Opened connection [connectionId{localValue:4}] to 127.0.0.1:56324
2022-06-28 15:56:07.468  INFO 58665 --- [-server-worker2] d.b.mongo.backend.AbstractMongoBackend   : created database test
2022-06-28 15:56:07.468  INFO 58665 --- [-server-worker2] d.b.mongo.backend.AbstractMongoDatabase  : adding unique _id index for collection employee
2022-06-28 15:56:07.468  INFO 58665 --- [-server-worker2] d.b.mongo.backend.AbstractMongoDatabase  : created collection test.employee
2022-06-28 15:56:07.498  INFO 58665 --- [    Test worker] o.s.s.concurrent.ThreadPoolTaskExecutor  : Initializing ExecutorService 'applicationTaskExecutor'
2022-06-28 15:56:07.527  WARN 58665 --- [    Test worker] o.s.data.convert.CustomConversions       : Registering converter from class java.time.LocalDateTime to class java.time.Instant as reading converter although it doesn't convert from a store-supported type! You might wanna check you annotation setup at the converter implementation.
2022-06-28 15:56:07.527  WARN 58665 --- [    Test worker] o.s.data.convert.CustomConversions       : Registering converter from class java.time.Instant to class java.time.LocalDateTime as reading converter although it doesn't convert from a store-supported type! You might wanna check you annotation setup at the converter implementation.
2022-06-28 15:56:07.531  WARN 58665 --- [    Test worker] o.s.data.convert.CustomConversions       : Registering converter from class java.time.LocalDateTime to class java.time.Instant as reading converter although it doesn't convert from a store-supported type! You might wanna check you annotation setup at the converter implementation.
2022-06-28 15:56:07.531  WARN 58665 --- [    Test worker] o.s.data.convert.CustomConversions       : Registering converter from class java.time.Instant to class java.time.LocalDateTime as reading converter although it doesn't convert from a store-supported type! You might wanna check you annotation setup at the converter implementation.
2022-06-28 15:56:07.551  INFO 58665 --- [    Test worker] o.s.b.w.embedded.tomcat.TomcatWebServer  : Tomcat started on port(s): 56327 (http) with context path ''
2022-06-28 15:56:07.551  INFO 58665 --- [    Test worker] c.m.c.s.impl.EmployeeServiceImplTest     : Started EmployeeServiceImplTest in 0.317 seconds (JVM running for 1.865)
2022-06-28 15:56:07.591  INFO 58665 --- [o-auto-1-exec-1] o.a.c.c.C.[Tomcat].[localhost].[/]       : Initializing Spring DispatcherServlet 'dispatcherServlet'
2022-06-28 15:56:07.591  INFO 58665 --- [o-auto-1-exec-1] o.s.web.servlet.DispatcherServlet        : Initializing Servlet 'dispatcherServlet'
2022-06-28 15:56:07.596  INFO 58665 --- [o-auto-1-exec-1] o.s.web.servlet.DispatcherServlet        : Completed initialization in 5 ms
2022-06-28 15:56:07.608 DEBUG 58665 --- [o-auto-1-exec-1] c.m.c.controller.EmployeeController      : Received employee create request for [com.mindex.challenge.data.Employee@3050350]
2022-06-28 15:56:07.609 DEBUG 58665 --- [o-auto-1-exec-1] c.m.c.service.impl.EmployeeServiceImpl   : Creating employee [com.mindex.challenge.data.Employee@3050350]
2022-06-28 15:56:07.619 DEBUG 58665 --- [o-auto-1-exec-2] c.m.c.controller.EmployeeController      : Received employee create request for id [ab18b2d2-d869-4b48-a91f-bdd9351930f9]
2022-06-28 15:56:07.620 DEBUG 58665 --- [o-auto-1-exec-2] c.m.c.service.impl.EmployeeServiceImpl   : Creating employee with id [ab18b2d2-d869-4b48-a91f-bdd9351930f9]
2022-06-28 15:56:07.625 DEBUG 58665 --- [o-auto-1-exec-3] c.m.c.controller.EmployeeController      : Received employee create request for id [ab18b2d2-d869-4b48-a91f-bdd9351930f9] and employee [com.mindex.challenge.data.Employee@56efeb9f]
2022-06-28 15:56:07.625 DEBUG 58665 --- [o-auto-1-exec-3] c.m.c.service.impl.EmployeeServiceImpl   : Updating employee [com.mindex.challenge.data.Employee@56efeb9f]
]]></system-out>
  <system-err><![CDATA[]]></system-err>
</testsuite>
