<?xml version="1.0" encoding="UTF-8"?>
<testsuite name="com.mindex.challenge.DataBootstrapTest" tests="1" skipped="0" failures="0" errors="0" timestamp="2022-06-29T12:25:11" hostname="jimburke-2.local" time="0.018">
  <properties/>
  <testcase name="test" classname="com.mindex.challenge.DataBootstrapTest" time="0.018"/>
  <system-out><![CDATA[2022-06-29 08:25:11.221  INFO 86742 --- [    Test worker] .b.t.c.SpringBootTestContextBootstrapper : Neither @ContextConfiguration nor @ContextHierarchy found for test class [com.mindex.challenge.DataBootstrapTest], using SpringBootContextLoader
2022-06-29 08:25:11.221  INFO 86742 --- [    Test worker] o.s.t.c.support.AbstractContextLoader    : Could not detect default resource locations for test class [com.mindex.challenge.DataBootstrapTest]: no resource found for suffixes {-context.xml, Context.groovy}.
2022-06-29 08:25:11.221  INFO 86742 --- [    Test worker] t.c.s.AnnotationConfigContextLoaderUtils : Could not detect default configuration classes for test class [com.mindex.challenge.DataBootstrapTest]: DataBootstrapTest does not declare any static, non-private, non-final, nested classes annotated with @Configuration.
2022-06-29 08:25:11.222  INFO 86742 --- [    Test worker] .b.t.c.SpringBootTestContextBootstrapper : Found @SpringBootConfiguration com.mindex.challenge.ChallengeApplication for test class com.mindex.challenge.DataBootstrapTest
2022-06-29 08:25:11.222  INFO 86742 --- [    Test worker] .b.t.c.SpringBootTestContextBootstrapper : Loaded default TestExecutionListener class names from location [META-INF/spring.factories]: [org.springframework.boot.test.autoconfigure.restdocs.RestDocsTestExecutionListener, org.springframework.boot.test.autoconfigure.web.client.MockRestServiceServerResetTestExecutionListener, org.springframework.boot.test.autoconfigure.web.servlet.MockMvcPrintOnlyOnFailureTestExecutionListener, org.springframework.boot.test.autoconfigure.web.servlet.WebDriverTestExecutionListener, org.springframework.boot.test.mock.mockito.MockitoTestExecutionListener, org.springframework.boot.test.mock.mockito.ResetMocksTestExecutionListener, org.springframework.test.context.web.ServletTestExecutionListener, org.springframework.test.context.support.DirtiesContextBeforeModesTestExecutionListener, org.springframework.test.context.support.DependencyInjectionTestExecutionListener, org.springframework.test.context.support.DirtiesContextTestExecutionListener, org.springframework.test.context.transaction.TransactionalTestExecutionListener, org.springframework.test.context.jdbc.SqlScriptsTestExecutionListener, org.springframework.test.context.event.EventPublishingTestExecutionListener]
2022-06-29 08:25:11.223  INFO 86742 --- [    Test worker] .b.t.c.SpringBootTestContextBootstrapper : Using TestExecutionListeners: [org.springframework.test.context.web.ServletTestExecutionListener@4d8056bf, org.springframework.test.context.support.DirtiesContextBeforeModesTestExecutionListener@42211e04, org.springframework.boot.test.mock.mockito.MockitoTestExecutionListener@6233c6c2, org.springframework.boot.test.autoconfigure.SpringBootDependencyInjectionTestExecutionListener@312a738d, org.springframework.test.context.support.DirtiesContextTestExecutionListener@7e50eeb9, org.springframework.test.context.transaction.TransactionalTestExecutionListener@34cb0e49, org.springframework.test.context.jdbc.SqlScriptsTestExecutionListener@48b2dbc4, org.springframework.test.context.event.EventPublishingTestExecutionListener@2a667f44, org.springframework.boot.test.autoconfigure.restdocs.RestDocsTestExecutionListener@53ba7997, org.springframework.boot.test.autoconfigure.web.client.MockRestServiceServerResetTestExecutionListener@3f6f9cef, org.springframework.boot.test.autoconfigure.web.servlet.MockMvcPrintOnlyOnFailureTestExecutionListener@61dd1c3d, org.springframework.boot.test.autoconfigure.web.servlet.WebDriverTestExecutionListener@7858d31d, org.springframework.boot.test.mock.mockito.ResetMocksTestExecutionListener@782e6b40]
]]></system-out>
  <system-err><![CDATA[]]></system-err>
</testsuite>
